INFO - ensembleswarm.swarm.optimize_swarm - Training datasets: ['0', '1', '10', '11', '12', '13', '14', '15', '16', '17', '18', '19', '2', '20', '21', '22', '23', '24', '25', '26', '27', '28', '29', '3', '30', '31', '32', '33', '34', '35', '36', '37', '38', '39', '4', '40', '41', '42', '43', '44', '45', '46', '47', '48', '49', '5', '50', '51', '52', '53', '54', '55', '56', '57', '58', '59', '6', '60', '61', '62', '63', '64', '65', '66', '67', '68', '69', '7', '70', '71', '72', '73', '74', '75', '76', '77', '78', '79', '8', '80', '81', '82', '83', '84', '85', '86', '87', '88', '89', '9', '90', '91', '92', '93', '94', '95', '96', '97', '98', '99', 'labels']
INFO - ensembleswarm.swarm.optimize_swarm - Have 100 sets of training features
INFO - ensembleswarm.swarm.optimize_model - Optimizing Linear regression, ensemble 0
WARNING - py.warnings - /home/vscode/.local/lib/python3.10/site-packages/sklearn/model_selection/_search.py:317: UserWarning: The total space of parameters 4 is smaller than n_iter=1666. Running 4 iterations. For exhaustive searches, use GridSearchCV.
  warnings.warn(

INFO - ensembleswarm.swarm.optimize_model - Optimizing Quantile regression, ensemble 0
INFO - ensembleswarm.swarm.optimize_model - Optimizing Nearest Neighbors, ensemble 0
WARNING - py.warnings - /home/vscode/.local/lib/python3.10/site-packages/sklearn/model_selection/_search.py:317: UserWarning: The total space of parameters 180 is smaller than n_iter=1666. Running 180 iterations. For exhaustive searches, use GridSearchCV.
  warnings.warn(

INFO - ensembleswarm.swarm.optimize_model - Optimizing Linear SVM, ensemble 0
WARNING - py.warnings - /home/vscode/.local/lib/python3.10/site-packages/sklearn/svm/_base.py:1249: ConvergenceWarning: Liblinear failed to converge, increase the number of iterations.
  warnings.warn(

WARNING - py.warnings - /home/vscode/.local/lib/python3.10/site-packages/sklearn/svm/_base.py:1249: ConvergenceWarning: Liblinear failed to converge, increase the number of iterations.
  warnings.warn(

WARNING - py.warnings - /home/vscode/.local/lib/python3.10/site-packages/sklearn/svm/_base.py:1249: ConvergenceWarning: Liblinear failed to converge, increase the number of iterations.
  warnings.warn(

INFO - ensembleswarm.swarm.optimize_model - Optimizing RBF SVM, ensemble 0
INFO - ensembleswarm.swarm.optimize_model - Optimizing Polynomial SVM, ensemble 0
INFO - ensembleswarm.swarm.optimize_model - Optimizing Decision Tree, ensemble 0
INFO - ensembleswarm.swarm.optimize_model - Optimizing Random Forest, ensemble 0
